21:47:46.137 [http-nio-8080-exec-8] ERROR o.r.s.l.s.E.s.ReportServiceImpl - The report with this id does not exist or the file path is incorrect
21:47:46.140 [http-nio-8080-exec-8] ERROR o.r.s.l.s.E.e.EmployeeExceptionHandler - Not Found
21:47:50.981 [http-nio-8080-exec-7] ERROR o.r.s.l.s.E.s.ReportServiceImpl - The report with this id does not exist or the file path is incorrect
21:47:50.981 [http-nio-8080-exec-7] ERROR o.r.s.l.s.E.e.EmployeeExceptionHandler - Not Found
21:47:57.461 [http-nio-8080-exec-6] ERROR o.r.s.l.s.E.s.ReportServiceImpl - The report with this id does not exist or the file path is incorrect
21:47:57.462 [http-nio-8080-exec-6] ERROR o.r.s.l.s.E.e.EmployeeExceptionHandler - Not Found
21:48:39.772 [http-nio-8080-exec-10] ERROR o.r.s.l.s.E.s.ReportServiceImpl - The report with this id does not exist or the file path is incorrect
21:48:39.773 [http-nio-8080-exec-10] ERROR o.r.s.l.s.E.e.EmployeeExceptionHandler - Not Found
22:04:14.436 [http-nio-8080-exec-4] ERROR o.r.s.l.s.E.e.EmployeeExceptionHandler - Forbidden
22:11:45.844 [main] INFO  o.r.s.l.s.E.EmployeeApplication - Starting EmployeeApplication using Java 17.0.7 with PID 16348 (/Users/solnechnaya/Documents/SkyPro_Разработчик_Java/Блок 4. Spring/EmployeeApplication/target/classes started by solnechnaya in /Users/solnechnaya/Documents/SkyPro_Разработчик_Java/Блок 4. Spring/EmployeeApplication)
22:11:45.848 [main] INFO  o.r.s.l.s.E.EmployeeApplication - No active profile set, falling back to 1 default profile: "default"
22:11:46.877 [main] INFO  o.s.d.r.c.RepositoryConfigurationDelegate - Bootstrapping Spring Data JPA repositories in DEFAULT mode.
22:11:46.949 [main] INFO  o.s.d.r.c.RepositoryConfigurationDelegate - Finished Spring Data repository scanning in 64 ms. Found 5 JPA repository interfaces.
22:11:47.486 [main] INFO  o.s.b.w.e.tomcat.TomcatWebServer - Tomcat initialized with port(s): 8080 (http)
22:11:47.495 [main] INFO  o.a.coyote.http11.Http11NioProtocol - Initializing ProtocolHandler ["http-nio-8080"]
22:11:47.496 [main] INFO  o.a.catalina.core.StandardService - Starting service [Tomcat]
22:11:47.497 [main] INFO  o.a.catalina.core.StandardEngine - Starting Servlet engine: [Apache Tomcat/10.1.8]
22:11:47.581 [main] INFO  o.a.c.c.C.[Tomcat].[localhost].[/] - Initializing Spring embedded WebApplicationContext
22:11:47.581 [main] INFO  o.s.b.w.s.c.ServletWebServerApplicationContext - Root WebApplicationContext: initialization completed in 1687 ms
22:11:47.825 [main] INFO  o.h.jpa.internal.util.LogHelper - HHH000204: Processing PersistenceUnitInfo [name: default]
22:11:47.891 [main] INFO  org.hibernate.Version - HHH000412: Hibernate ORM core version 6.2.2.Final
22:11:47.894 [main] INFO  org.hibernate.cfg.Environment - HHH000406: Using bytecode reflection optimizer
22:11:48.056 [main] INFO  o.h.b.i.BytecodeProviderInitiator - HHH000021: Bytecode provider name : bytebuddy
22:11:48.198 [main] INFO  o.s.o.j.p.SpringPersistenceUnitInfo - No LoadTimeWeaver setup: ignoring JPA class transformer
22:11:48.213 [main] INFO  com.zaxxer.hikari.HikariDataSource - HikariPool-1 - Starting...
22:11:48.361 [main] INFO  com.zaxxer.hikari.pool.HikariPool - HikariPool-1 - Added connection org.postgresql.jdbc.PgConnection@2abedbbd
22:11:48.363 [main] INFO  com.zaxxer.hikari.HikariDataSource - HikariPool-1 - Start completed.
22:11:48.424 [main] INFO  org.hibernate.orm.dialect - HHH035001: Using dialect: org.hibernate.dialect.PostgreSQLDialect, version: org.hibernate.engine.jdbc.env.internal.JdbcEnvironmentInitiator$DialectResolutionInfoImpl@5788722f
22:11:48.658 [main] INFO  o.h.b.i.BytecodeProviderInitiator - HHH000021: Bytecode provider name : bytebuddy
22:11:49.400 [main] INFO  o.h.e.t.j.p.i.JtaPlatformInitiator - HHH000490: Using JtaPlatform implementation: [org.hibernate.engine.transaction.jta.platform.internal.NoJtaPlatform]
22:11:49.491 [main] INFO  o.s.o.j.LocalContainerEntityManagerFactoryBean - Initialized JPA EntityManagerFactory for persistence unit 'default'
22:11:49.838 [main] INFO  o.s.d.j.r.query.QueryEnhancerFactory - Hibernate is in classpath; If applicable, HQL parser will be used.
22:11:50.471 [main] WARN  o.s.b.a.o.j.JpaBaseConfiguration$JpaWebConfiguration - spring.jpa.open-in-view is enabled by default. Therefore, database queries may be performed during view rendering. Explicitly configure spring.jpa.open-in-view to disable this warning
22:11:50.595 [main] INFO  o.s.s.web.DefaultSecurityFilterChain - Will secure any request with [org.springframework.security.web.session.DisableEncodeUrlFilter@4c902a72, org.springframework.security.web.context.request.async.WebAsyncManagerIntegrationFilter@78571a17, org.springframework.security.web.context.SecurityContextHolderFilter@4fddd42b, org.springframework.security.web.header.HeaderWriterFilter@66abb7d4, org.springframework.security.web.authentication.logout.LogoutFilter@3116e9d2, org.springframework.security.web.authentication.UsernamePasswordAuthenticationFilter@6a4ec62d, org.springframework.security.web.authentication.ui.DefaultLoginPageGeneratingFilter@376ba8e3, org.springframework.security.web.authentication.ui.DefaultLogoutPageGeneratingFilter@6434d49e, org.springframework.security.web.savedrequest.RequestCacheAwareFilter@4628344c, org.springframework.security.web.servletapi.SecurityContextHolderAwareRequestFilter@68a0a4ae, org.springframework.security.web.authentication.AnonymousAuthenticationFilter@64c189d8, org.springframework.security.web.access.ExceptionTranslationFilter@2dca3c72, org.springframework.security.web.access.intercept.AuthorizationFilter@2162b22d]
22:11:51.475 [main] INFO  o.s.b.a.e.web.EndpointLinksResolver - Exposing 1 endpoint(s) beneath base path '/actuator'
22:11:51.543 [main] INFO  o.a.coyote.http11.Http11NioProtocol - Starting ProtocolHandler ["http-nio-8080"]
22:11:51.559 [main] INFO  o.s.b.w.e.tomcat.TomcatWebServer - Tomcat started on port(s): 8080 (http) with context path ''
22:11:51.576 [main] INFO  o.r.s.l.s.E.EmployeeApplication - Started EmployeeApplication in 6.092 seconds (process running for 7.078)
22:11:52.047 [RMI TCP Connection(1)-127.0.0.1] INFO  o.a.c.c.C.[Tomcat].[localhost].[/] - Initializing Spring DispatcherServlet 'dispatcherServlet'
22:11:52.047 [RMI TCP Connection(1)-127.0.0.1] INFO  o.s.web.servlet.DispatcherServlet - Initializing Servlet 'dispatcherServlet'
22:11:52.049 [RMI TCP Connection(1)-127.0.0.1] INFO  o.s.web.servlet.DispatcherServlet - Completed initialization in 1 ms
22:12:22.779 [http-nio-8080-exec-4] INFO  o.r.s.l.s.E.c.InfoController - appInfo
00:31:40.218 [HikariPool-1 housekeeper] WARN  com.zaxxer.hikari.pool.HikariPool - HikariPool-1 - Thread starvation or clock leap detected (housekeeper delta=2h14m20s624ms).
00:55:15.440 [HikariPool-1 housekeeper] WARN  com.zaxxer.hikari.pool.HikariPool - HikariPool-1 - Thread starvation or clock leap detected (housekeeper delta=7m34s925ms).
00:55:43.304 [SpringApplicationShutdownHook] INFO  o.s.o.j.LocalContainerEntityManagerFactoryBean - Closing JPA EntityManagerFactory for persistence unit 'default'
00:55:43.321 [SpringApplicationShutdownHook] INFO  com.zaxxer.hikari.HikariDataSource - HikariPool-1 - Shutdown initiated...
00:55:43.337 [SpringApplicationShutdownHook] INFO  com.zaxxer.hikari.HikariDataSource - HikariPool-1 - Shutdown completed.
